d:\archive\7 semester\systems analysis\lab4\code\current\ourlab\debug\vc120.pdb
d:\archive\7 semester\systems analysis\lab4\code\current\ourlab\debug\tvector.obj
d:\archive\7 semester\systems analysis\lab4\code\current\ourlab\debug\tpoly.obj
d:\archive\7 semester\systems analysis\lab4\code\current\ourlab\debug\tmatrix.obj
d:\archive\7 semester\systems analysis\lab4\code\current\ourlab\debug\main.obj
d:\archive\7 semester\systems analysis\lab4\code\current\ourlab\debug\myform.obj
d:\archive\7 semester\systems analysis\lab4\code\current\ourlab\debug\globals.obj
d:\archive\7 semester\systems analysis\lab4\code\current\ourlab\debug\.netframework,version=v4.5.assemblyattributes.obj
d:\archive\7 semester\systems analysis\lab4\code\current\debug\ourlab.exe
d:\archive\7 semester\systems analysis\lab4\code\current\debug\ourlab.pdb
d:\archive\7 semester\systems analysis\lab4\code\current\ourlab\debug\ourlab.myform.resources
d:\archive\7 semester\systems analysis\lab4\code\current\ourlab\debug\ourlab.vcxproj.generateresource.cache
d:\archive\7 semester\systems analysis\lab4\code\current\ourlab\debug\ourlab.vcxprojresolveassemblyreference.cache
d:\archive\7 semester\systems analysis\lab4\code\current\ourlab\debug\ourlab.tlog\cl.command.1.tlog
d:\archive\7 semester\systems analysis\lab4\code\current\ourlab\debug\ourlab.tlog\cl.read.1.tlog
d:\archive\7 semester\systems analysis\lab4\code\current\ourlab\debug\ourlab.tlog\cl.write.1.tlog
d:\archive\7 semester\systems analysis\lab4\code\current\ourlab\debug\ourlab.tlog\link.command.1.tlog
d:\archive\7 semester\systems analysis\lab4\code\current\ourlab\debug\ourlab.tlog\link.read.1.tlog
d:\archive\7 semester\systems analysis\lab4\code\current\ourlab\debug\ourlab.tlog\link.write.1.tlog
d:\archive\7 semester\systems analysis\lab4\code\current\ourlab\debug\ourlab.tlog\metagen.read.1.tlog
d:\archive\7 semester\systems analysis\lab4\code\current\ourlab\debug\ourlab.tlog\metagen.write.1.tlog
d:\archive\7 semester\systems analysis\lab4\code\current\ourlab\debug\ourlab.tlog\ourlab.write.1u.tlog
d:\archive\7 semester\systems analysis\lab4\code\current\ourlab\debug\ourlab.tlog\rsaenh.dll.bi
d:\archive\7 semester\systems analysis\lab4\code\current\ourlab\debug\ourlab.tlog\tzres.dll.bi
